Unable to capture context for thread 7428 in process 1488, can not generate back trace
Unable to capture context for thread 11956 in process 1488, can not generate back trace
Unable to capture context for thread 11368 in process 1488, can not generate back trace
Exception at PC 0x00007FFB21B9BB93
Printing stacktrace...

[0]  [0x00007FFB21B9BB93]
[1]  [0x00007FFB21B9BB93]
[2]  [0x00007FFB21B9B4A1]
[3]  [0x00007FFB21B9B3EF]
[4]  [0x00007FFB21B819FE]
[5]  [0x00007FFB21B80ED1]
[6]  [0x00007FFB21B80D76]
[7]  [0x00007FFB21B279F6]
[8]  [0x00007FFB21B17AFB]
[9]  [0x00007FFB21C3E90A]
[10]  [0x00007FFB21C59F87]
[11]  [0x00007FFB21C5A05F]
[12] (BaseThreadInitThunk+0x14) [0x00007FFB884B3034]
[13] (RtlUserThreadStart+0x21) [0x00007FFB89761431]
Done
Exception at PC 0x00007FFB218A1A52
Attemped to write at address 0x00007FFB6FB5ABA4
Printing stacktrace...

[0]  [0x00007FFB218A1A52]
[1]  [0x00007FFB218A1A52]
[2]  [0x00007FFB218A1AD4]
[3]  [0x00007FFB219E3FF7]
[4]  [0x00007FFB218C9128]
[5]  [0x00007FFB21B7DFB9]
[6]  [0x00007FFB21D4EF23]
[7]  [0x00007FFB21C5B06B]
[8]  [0x00007FFB21C508AF]
[9]  [0x00007FFB21C50A32]
[10] (RtlActivateActivationContextUnsafeFast+0x123) [0x00007FFB89724023]
[11] (LdrShutdownProcess+0x125) [0x00007FFB897309D5]
[12] (RtlExitUserProcess+0xd8) [0x00007FFB89730898]
[13] (FatalExit+0xa) [0x00007FFB884BB19A]
[14] (exit+0x75) [0x00007FFB88719CE5]
[15] (initterm_e+0x235) [0x00007FFB8871A345]
[16]  [0x00000000004014CD]
[17]  [0x000000000040151B]
[18] (BaseThreadInitThunk+0x14) [0x00007FFB884B3034]
[19] (RtlUserThreadStart+0x21) [0x00007FFB89761431]
Done
